This is pdfTeX, Version 3.14159265-2.6-1.40.21 (TeX Live 2020/Debian) (preloaded format=pdflatex 2021.2.23)  29 JUN 2021 21:00
entering extended mode
 restricted \write18 enabled.
 %&-line parsing enabled.
**manuscript.v5
(./manuscript.v5.tex
LaTeX2e <2020-02-02> patch level 5
L3 programming layer <2020-07-17> (./Definitions/mdpi.cls
Document Class: Definitions/mdpi 02/18/2021 MDPI paper class
(/usr/share/texlive/texmf-dist/tex/latex/base/article.cls
Document Class: article 2019/12/20 v1.4l Standard LaTeX document class
(/usr/share/texlive/texmf-dist/tex/latex/base/size10.clo
File: size10.clo 2019/12/20 v1.4l Standard LaTeX file (size option)
)
\c@part=\count168
\c@section=\count169
\c@subsection=\count170
\c@subsubsection=\count171
\c@paragraph=\count172
\c@subparagraph=\count173
\c@figure=\count174
\c@table=\count175
\abovecaptionskip=\skip47
\belowcaptionskip=\skip48
\bibindent=\dimen134
)
(/usr/share/texlive/texmf-dist/tex/latex/base/fontenc.sty
Package: fontenc 2020/02/11 v2.0o Standard LaTeX package
)
(/usr/share/texlive/texmf-dist/tex/latex/base/inputenc.sty
Package: inputenc 2018/08/11 v1.3c Input encoding file
\inpenc@prehook=\toks15
\inpenc@posthook=\toks16
)
(/usr/share/texlive/texmf-dist/tex/latex/tools/calc.sty
Package: calc 2017/05/25 v4.3 Infix arithmetic (KKT,FJ)
\calc@Acount=\count176
\calc@Bcount=\count177
\calc@Adimen=\dimen135
\calc@Bdimen=\dimen136
\calc@Askip=\skip49
\calc@Bskip=\skip50
LaTeX Info: Redefining \setlength on input line 80.
LaTeX Info: Redefining \addtolength on input line 81.
\calc@Ccount=\count178
\calc@Cskip=\skip51
)
(/usr/share/texlive/texmf-dist/tex/latex/tools/indentfirst.sty
Package: indentfirst 1995/11/23 v1.03 Indent first paragraph (DPC)
)
(/usr/share/texlive/texmf-dist/tex/latex/fancyhdr/fancyhdr.sty
Package: fancyhdr 2019/01/31 v3.10 Extensive control of page headers and footer
s
\f@nch@headwidth=\skip52
\f@nch@O@elh=\skip53
\f@nch@O@erh=\skip54
\f@nch@O@olh=\skip55
\f@nch@O@orh=\skip56
\f@nch@O@elf=\skip57
\f@nch@O@erf=\skip58
\f@nch@O@olf=\skip59
\f@nch@O@orf=\skip60
)
(/usr/share/texlive/texmf-dist/tex/latex/graphics/graphicx.sty
Package: graphicx 2019/11/30 v1.2a Enhanced LaTeX Graphics (DPC,SPQR)

(/usr/share/texlive/texmf-dist/tex/latex/graphics/keyval.sty
Package: keyval 2014/10/28 v1.15 key=value parser (DPC)
\KV@toks@=\toks17
)
(/usr/share/texlive/texmf-dist/tex/latex/graphics/graphics.sty
Package: graphics 2019/11/30 v1.4a Standard LaTeX Graphics (DPC,SPQR)

(/usr/share/texlive/texmf-dist/tex/latex/graphics/trig.sty
Package: trig 2016/01/03 v1.10 sin cos tan (DPC)
)
(/usr/share/texlive/texmf-dist/tex/latex/graphics-cfg/graphics.cfg
File: graphics.cfg 2016/06/04 v1.11 sample graphics configuration
)
Package graphics Info: Driver file: pdftex.def on input line 105.

(/usr/share/texlive/texmf-dist/tex/latex/graphics-def/pdftex.def
File: pdftex.def 2018/01/08 v1.0l Graphics/color driver for pdftex
))
\Gin@req@height=\dimen137
\Gin@req@width=\dimen138
)
(/usr/share/texlive/texmf-dist/tex/latex/epstopdf-pkg/epstopdf.sty
Package: epstopdf 2020-01-24 v2.11 Conversion with epstopdf on the fly (HO)

(/usr/share/texlive/texmf-dist/tex/generic/infwarerr/infwarerr.sty
Package: infwarerr 2019/12/03 v1.5 Providing info/warning/error messages (HO)
)
(/usr/share/texlive/texmf-dist/tex/latex/grfext/grfext.sty
Package: grfext 2019/12/03 v1.3 Manage graphics extensions (HO)

(/usr/share/texlive/texmf-dist/tex/generic/kvdefinekeys/kvdefinekeys.sty
Package: kvdefinekeys 2019-12-19 v1.6 Define keys (HO)
))
(/usr/share/texlive/texmf-dist/tex/latex/kvoptions/kvoptions.sty
Package: kvoptions 2019/11/29 v3.13 Key value format for package options (HO)

(/usr/share/texlive/texmf-dist/tex/generic/ltxcmds/ltxcmds.sty
Package: ltxcmds 2019/12/15 v1.24 LaTeX kernel commands for general use (HO)
)
(/usr/share/texlive/texmf-dist/tex/generic/kvsetkeys/kvsetkeys.sty
Package: kvsetkeys 2019/12/15 v1.18 Key value parser (HO)
))
(/usr/share/texlive/texmf-dist/tex/generic/pdftexcmds/pdftexcmds.sty
Package: pdftexcmds 2020-06-27 v0.33 Utility functions of pdfTeX for LuaTeX (HO
)

(/usr/share/texlive/texmf-dist/tex/generic/iftex/iftex.sty
Package: iftex 2020/03/06 v1.0d TeX engine tests
)
Package pdftexcmds Info: \pdf@primitive is available.
Package pdftexcmds Info: \pdf@ifprimitive is available.
Package pdftexcmds Info: \pdfdraftmode found.
)
(/usr/share/texlive/texmf-dist/tex/latex/epstopdf-pkg/epstopdf-base.sty
Package: epstopdf-base 2020-01-24 v2.11 Base part for package epstopdf
Package epstopdf-base Info: Redefining graphics rule for `.eps' on input line 4
85.
Package grfext Info: Graphics extension search list:
(grfext)             [.pdf,.png,.jpg,.mps,.jpeg,.jbig2,.jb2,.PDF,.PNG,.JPG,.JPE
G,.JBIG2,.JB2,.eps]
(grfext)             \AppendGraphicsExtensions on input line 504.

(/usr/share/texlive/texmf-dist/tex/latex/latexconfig/epstopdf-sys.cfg
File: epstopdf-sys.cfg 2010/07/13 v1.3 Configuration of (r)epstopdf for TeX Liv
e
)))
(/usr/share/texlive/texmf-dist/tex/latex/lastpage/lastpage.sty
Package: lastpage 2015/03/29 v1.2m Refers to last page's name (HMM; JPG)
)
(/usr/share/texlive/texmf-dist/tex/latex/base/ifthen.sty
Package: ifthen 2014/09/29 v1.1c Standard LaTeX ifthen package (DPC)
)
(/usr/share/texlive/texmf-dist/tex/latex/lineno/lineno.sty
Package: lineno 2005/11/02 line numbers on paragraphs v4.41
\linenopenalty=\count179
\output=\toks18
\linenoprevgraf=\count180
\linenumbersep=\dimen139
\linenumberwidth=\dimen140
\c@linenumber=\count181
\c@pagewiselinenumber=\count182
\c@LN@truepage=\count183
\c@internallinenumber=\count184
\c@internallinenumbers=\count185
\quotelinenumbersep=\dimen141
\bframerule=\dimen142
\bframesep=\dimen143
\bframebox=\box45
LaTeX Info: Redefining \\ on input line 3056.
)
(/usr/share/texlive/texmf-dist/tex/latex/float/float.sty
Package: float 2001/11/08 v1.3d Float enhancements (AL)
\c@float@type=\count186
\float@exts=\toks19
\float@box=\box46
\@float@everytoks=\toks20
\@floatcapt=\box47
)
(/usr/share/texlive/texmf-dist/tex/latex/amsmath/amsmath.sty
Package: amsmath 2020/01/20 v2.17e AMS math features
\@mathmargin=\skip61

For additional information on amsmath, use the `?' option.
(/usr/share/texlive/texmf-dist/tex/latex/amsmath/amstext.sty
Package: amstext 2000/06/29 v2.01 AMS text

(/usr/share/texlive/texmf-dist/tex/latex/amsmath/amsgen.sty
File: amsgen.sty 1999/11/30 v2.0 generic functions
\@emptytoks=\toks21
\ex@=\dimen144
))
(/usr/share/texlive/texmf-dist/tex/latex/amsmath/amsbsy.sty
Package: amsbsy 1999/11/29 v1.2d Bold Symbols
\pmbraise@=\dimen145
)
(/usr/share/texlive/texmf-dist/tex/latex/amsmath/amsopn.sty
Package: amsopn 2016/03/08 v2.02 operator names
)
\inf@bad=\count187
LaTeX Info: Redefining \frac on input line 227.
\uproot@=\count188
\leftroot@=\count189
LaTeX Info: Redefining \overline on input line 389.
\classnum@=\count190
\DOTSCASE@=\count191
LaTeX Info: Redefining \ldots on input line 486.
LaTeX Info: Redefining \dots on input line 489.
LaTeX Info: Redefining \cdots on input line 610.
\Mathstrutbox@=\box48
\strutbox@=\box49
\big@size=\dimen146
LaTeX Font Info:    Redeclaring font encoding OML on input line 733.
LaTeX Font Info:    Redeclaring font encoding OMS on input line 734.
\macc@depth=\count192
\c@MaxMatrixCols=\count193
\dotsspace@=\muskip16
\c@parentequation=\count194
\dspbrk@lvl=\count195
\tag@help=\toks22
\row@=\count196
\column@=\count197
\maxfields@=\count198
\andhelp@=\toks23
\eqnshift@=\dimen147
\alignsep@=\dimen148
\tagshift@=\dimen149
\tagwidth@=\dimen150
\totwidth@=\dimen151
\lineht@=\dimen152
\@envbody=\toks24
\multlinegap=\skip62
\multlinetaggap=\skip63
\mathdisplay@stack=\toks25
LaTeX Info: Redefining \[ on input line 2859.
LaTeX Info: Redefining \] on input line 2860.
)
(/usr/share/texlive/texmf-dist/tex/latex/amsfonts/amssymb.sty
Package: amssymb 2013/01/14 v3.01 AMS font symbols

(/usr/share/texlive/texmf-dist/tex/latex/amsfonts/amsfonts.sty
Package: amsfonts 2013/01/14 v3.01 Basic AMSFonts support
\symAMSa=\mathgroup4
\symAMSb=\mathgroup5
LaTeX Font Info:    Redeclaring math symbol \hbar on input line 98.
LaTeX Font Info:    Overwriting math alphabet `\mathfrak' in version `bold'
(Font)                  U/euf/m/n --> U/euf/b/n on input line 106.
))
(/usr/share/texlive/texmf-dist/tex/latex/setspace/setspace.sty
Package: setspace 2011/12/19 v6.7a set line spacing
)
(/usr/share/texlive/texmf-dist/tex/latex/enumitem/enumitem.sty
Package: enumitem 2019/06/20 v3.9 Customized lists
\labelindent=\skip64
\enit@outerparindent=\dimen153
\enit@toks=\toks26
\enit@inbox=\box50
\enit@count@id=\count199
\enitdp@description=\count266
)
(/usr/share/texlive/texmf-dist/tex/latex/psnfss/mathpazo.sty
Package: mathpazo 2020/03/25 PSNFSS-v9.3 Palatino w/ Pazo Math (D.Puga, WaS) 
\symupright=\mathgroup6
)
(/usr/share/texlive/texmf-dist/tex/latex/booktabs/booktabs.sty
Package: booktabs 2020/01/12 v1.61803398 Publication quality tables
\heavyrulewidth=\dimen154
\lightrulewidth=\dimen155
\cmidrulewidth=\dimen156
\belowrulesep=\dimen157
\belowbottomsep=\dimen158
\aboverulesep=\dimen159
\abovetopsep=\dimen160
\cmidrulesep=\dimen161
\cmidrulekern=\dimen162
\defaultaddspace=\dimen163
\@cmidla=\count267
\@cmidlb=\count268
\@aboverulesep=\dimen164
\@belowrulesep=\dimen165
\@thisruleclass=\count269
\@lastruleclass=\count270
\@thisrulewidth=\dimen166
)
(/usr/share/texlive/texmf-dist/tex/latex/titlesec/titlesec.sty
Package: titlesec 2019/10/16 v2.13 Sectioning titles
\ttl@box=\box51
\beforetitleunit=\skip65
\aftertitleunit=\skip66
\ttl@plus=\dimen167
\ttl@minus=\dimen168
\ttl@toksa=\toks27
\titlewidth=\dimen169
\titlewidthlast=\dimen170
\titlewidthfirst=\dimen171
)
(/usr/share/texlive/texmf-dist/tex/latex/etoolbox/etoolbox.sty
Package: etoolbox 2020/07/15 v2.5i e-TeX tools for LaTeX (JAW)
\etb@tempcnta=\count271
)
(/usr/share/texlive/texmf-dist/tex/latex/tabto-ltx/tabto.sty
Package: tabto 2018/12/28  v 1.4  Another tabbing mechanism
\CurrentLineWidth=\dimen172
\TabPrevPos=\dimen173
)
(/usr/share/texlive/texmf-dist/tex/latex/xcolor/xcolor.sty
Package: xcolor 2016/05/11 v2.12 LaTeX color extensions (UK)

(/usr/share/texlive/texmf-dist/tex/latex/graphics-cfg/color.cfg
File: color.cfg 2016/01/02 v1.6 sample color configuration
)
Package xcolor Info: Driver file: pdftex.def on input line 225.
Package xcolor Info: Model `cmy' substituted by `cmy0' on input line 1348.
Package xcolor Info: Model `hsb' substituted by `rgb' on input line 1352.
Package xcolor Info: Model `RGB' extended on input line 1364.
Package xcolor Info: Model `HTML' substituted by `rgb' on input line 1366.
Package xcolor Info: Model `Hsb' substituted by `hsb' on input line 1367.
Package xcolor Info: Model `tHsb' substituted by `hsb' on input line 1368.
Package xcolor Info: Model `HSB' substituted by `hsb' on input line 1369.
Package xcolor Info: Model `Gray' substituted by `gray' on input line 1370.
Package xcolor Info: Model `wave' substituted by `hsb' on input line 1371.
)
(/usr/share/texlive/texmf-dist/tex/latex/colortbl/colortbl.sty
Package: colortbl 2020/01/04 v1.0e Color table columns (DPC)

(/usr/share/texlive/texmf-dist/tex/latex/tools/array.sty
Package: array 2019/08/31 v2.4l Tabular extension package (FMi)
\col@sep=\dimen174
\ar@mcellbox=\box52
\extrarowheight=\dimen175
\NC@list=\toks28
\extratabsurround=\skip67
\backup@length=\skip68
\ar@cellbox=\box53
)
\everycr=\toks29
\minrowclearance=\skip69
)
(/usr/share/texlive/texmf-dist/tex/latex/soul/soul.sty
Package: soul 2003/11/17 v2.4 letterspacing/underlining (mf)
\SOUL@word=\toks30
\SOUL@lasttoken=\toks31
\SOUL@cmds=\toks32
\SOUL@buffer=\toks33
\SOUL@token=\toks34
\SOUL@spaceskip=\skip70
\SOUL@ttwidth=\dimen176
\SOUL@uldp=\dimen177
\SOUL@ulht=\dimen178
)
(/usr/share/texlive/texmf-dist/tex/latex/multirow/multirow.sty
Package: multirow 2019/05/31 v2.5 Span multiple rows of a table
\multirow@colwidth=\skip71
\multirow@cntb=\count272
\multirow@dima=\skip72
\bigstrutjot=\dimen179
)
(/usr/share/texlive/texmf-dist/tex/latex/microtype/microtype.sty
Package: microtype 2019/11/18 v2.7d Micro-typographical refinements (RS)
\MT@toks=\toks35
\MT@count=\count273
LaTeX Info: Redefining \textls on input line 790.
\MT@outer@kern=\dimen180
LaTeX Info: Redefining \textmicrotypecontext on input line 1354.
\MT@listname@count=\count274

(/usr/share/texlive/texmf-dist/tex/latex/microtype/microtype-pdftex.def
File: microtype-pdftex.def 2019/11/18 v2.7d Definitions specific to pdftex (RS)

LaTeX Info: Redefining \lsstyle on input line 914.
LaTeX Info: Redefining \lslig on input line 914.
\MT@outer@space=\skip73
)
Package microtype Info: Loading configuration file microtype.cfg.

(/usr/share/texlive/texmf-dist/tex/latex/microtype/microtype.cfg
File: microtype.cfg 2019/11/18 v2.7d microtype main configuration file (RS)
))
(/usr/share/texlive/texmf-dist/tex/latex/pgf/frontendlayer/tikz.sty
(/usr/share/texlive/texmf-dist/tex/latex/pgf/basiclayer/pgf.sty
(/usr/share/texlive/texmf-dist/tex/latex/pgf/utilities/pgfrcs.sty
(/usr/share/texlive/texmf-dist/tex/generic/pgf/utilities/pgfutil-common.tex
\pgfutil@everybye=\toks36
\pgfutil@tempdima=\dimen181
\pgfutil@tempdimb=\dimen182

(/usr/share/texlive/texmf-dist/tex/generic/pgf/utilities/pgfutil-common-lists.t
ex)) (/usr/share/texlive/texmf-dist/tex/generic/pgf/utilities/pgfutil-latex.def
\pgfutil@abb=\box54
(/usr/share/texlive/texmf-dist/tex/latex/ms/everyshi.sty
Package: everyshi 2001/05/15 v3.00 EveryShipout Package (MS)
))
(/usr/share/texlive/texmf-dist/tex/generic/pgf/utilities/pgfrcs.code.tex
(/usr/share/texlive/texmf-dist/tex/generic/pgf/pgf.revision.tex)
Package: pgfrcs 2020/01/08 v3.1.5b (3.1.5b)
))
Package: pgf 2020/01/08 v3.1.5b (3.1.5b)

(/usr/share/texlive/texmf-dist/tex/latex/pgf/basiclayer/pgfcore.sty
(/usr/share/texlive/texmf-dist/tex/latex/pgf/systemlayer/pgfsys.sty
(/usr/share/texlive/texmf-dist/tex/generic/pgf/systemlayer/pgfsys.code.tex
Package: pgfsys 2020/01/08 v3.1.5b (3.1.5b)

(/usr/share/texlive/texmf-dist/tex/generic/pgf/utilities/pgfkeys.code.tex
\pgfkeys@pathtoks=\toks37
\pgfkeys@temptoks=\toks38

(/usr/share/texlive/texmf-dist/tex/generic/pgf/utilities/pgfkeysfiltered.code.t
ex
\pgfkeys@tmptoks=\toks39
))
\pgf@x=\dimen183
\pgf@y=\dimen184
\pgf@xa=\dimen185
\pgf@ya=\dimen186
\pgf@xb=\dimen187
\pgf@yb=\dimen188
\pgf@xc=\dimen189
\pgf@yc=\dimen190
\pgf@xd=\dimen191
\pgf@yd=\dimen192
\w@pgf@writea=\write3
\r@pgf@reada=\read2
\c@pgf@counta=\count275
\c@pgf@countb=\count276
\c@pgf@countc=\count277
\c@pgf@countd=\count278
\t@pgf@toka=\toks40
\t@pgf@tokb=\toks41
\t@pgf@tokc=\toks42
\pgf@sys@id@count=\count279
 (/usr/share/texlive/texmf-dist/tex/generic/pgf/systemlayer/pgf.cfg
File: pgf.cfg 2020/01/08 v3.1.5b (3.1.5b)
)
Driver file for pgf: pgfsys-pdftex.def

(/usr/share/texlive/texmf-dist/tex/generic/pgf/systemlayer/pgfsys-pdftex.def
File: pgfsys-pdftex.def 2020/01/08 v3.1.5b (3.1.5b)

(/usr/share/texlive/texmf-dist/tex/generic/pgf/systemlayer/pgfsys-common-pdf.de
f
File: pgfsys-common-pdf.def 2020/01/08 v3.1.5b (3.1.5b)
)))
(/usr/share/texlive/texmf-dist/tex/generic/pgf/systemlayer/pgfsyssoftpath.code.
tex
File: pgfsyssoftpath.code.tex 2020/01/08 v3.1.5b (3.1.5b)
\pgfsyssoftpath@smallbuffer@items=\count280
\pgfsyssoftpath@bigbuffer@items=\count281
)
(/usr/share/texlive/texmf-dist/tex/generic/pgf/systemlayer/pgfsysprotocol.code.
tex
File: pgfsysprotocol.code.tex 2020/01/08 v3.1.5b (3.1.5b)
))
(/usr/share/texlive/texmf-dist/tex/generic/pgf/basiclayer/pgfcore.code.tex
Package: pgfcore 2020/01/08 v3.1.5b (3.1.5b)

(/usr/share/texlive/texmf-dist/tex/generic/pgf/math/pgfmath.code.tex
(/usr/share/texlive/texmf-dist/tex/generic/pgf/math/pgfmathcalc.code.tex
(/usr/share/texlive/texmf-dist/tex/generic/pgf/math/pgfmathutil.code.tex)
(/usr/share/texlive/texmf-dist/tex/generic/pgf/math/pgfmathparser.code.tex
\pgfmath@dimen=\dimen193
\pgfmath@count=\count282
\pgfmath@box=\box55
\pgfmath@toks=\toks43
\pgfmath@stack@operand=\toks44
\pgfmath@stack@operation=\toks45
)
(/usr/share/texlive/texmf-dist/tex/generic/pgf/math/pgfmathfunctions.code.tex
(/usr/share/texlive/texmf-dist/tex/generic/pgf/math/pgfmathfunctions.basic.code
.tex)
(/usr/share/texlive/texmf-dist/tex/generic/pgf/math/pgfmathfunctions.trigonomet
ric.code.tex)
(/usr/share/texlive/texmf-dist/tex/generic/pgf/math/pgfmathfunctions.random.cod
e.tex)
(/usr/share/texlive/texmf-dist/tex/generic/pgf/math/pgfmathfunctions.comparison
.code.tex)
(/usr/share/texlive/texmf-dist/tex/generic/pgf/math/pgfmathfunctions.base.code.
tex)
(/usr/share/texlive/texmf-dist/tex/generic/pgf/math/pgfmathfunctions.round.code
.tex)
(/usr/share/texlive/texmf-dist/tex/generic/pgf/math/pgfmathfunctions.misc.code.
tex)
(/usr/share/texlive/texmf-dist/tex/generic/pgf/math/pgfmathfunctions.integerari
thmetics.code.tex)))
(/usr/share/texlive/texmf-dist/tex/generic/pgf/math/pgfmathfloat.code.tex
\c@pgfmathroundto@lastzeros=\count283
))
(/usr/share/texlive/texmf-dist/tex/generic/pgf/math/pgfint.code.tex)
(/usr/share/texlive/texmf-dist/tex/generic/pgf/basiclayer/pgfcorepoints.code.te
x
File: pgfcorepoints.code.tex 2020/01/08 v3.1.5b (3.1.5b)
\pgf@picminx=\dimen194
\pgf@picmaxx=\dimen195
\pgf@picminy=\dimen196
\pgf@picmaxy=\dimen197
\pgf@pathminx=\dimen198
\pgf@pathmaxx=\dimen199
\pgf@pathminy=\dimen256
\pgf@pathmaxy=\dimen257
\pgf@xx=\dimen258
\pgf@xy=\dimen259
\pgf@yx=\dimen260
\pgf@yy=\dimen261
\pgf@zx=\dimen262
\pgf@zy=\dimen263
)
(/usr/share/texlive/texmf-dist/tex/generic/pgf/basiclayer/pgfcorepathconstruct.
code.tex
File: pgfcorepathconstruct.code.tex 2020/01/08 v3.1.5b (3.1.5b)
\pgf@path@lastx=\dimen264
\pgf@path@lasty=\dimen265
)
(/usr/share/texlive/texmf-dist/tex/generic/pgf/basiclayer/pgfcorepathusage.code
.tex
File: pgfcorepathusage.code.tex 2020/01/08 v3.1.5b (3.1.5b)
\pgf@shorten@end@additional=\dimen266
\pgf@shorten@start@additional=\dimen267
)
(/usr/share/texlive/texmf-dist/tex/generic/pgf/basiclayer/pgfcorescopes.code.te
x
File: pgfcorescopes.code.tex 2020/01/08 v3.1.5b (3.1.5b)
\pgfpic=\box56
\pgf@hbox=\box57
\pgf@layerbox@main=\box58
\pgf@picture@serial@count=\count284
)
(/usr/share/texlive/texmf-dist/tex/generic/pgf/basiclayer/pgfcoregraphicstate.c
ode.tex
File: pgfcoregraphicstate.code.tex 2020/01/08 v3.1.5b (3.1.5b)
\pgflinewidth=\dimen268
)
(/usr/share/texlive/texmf-dist/tex/generic/pgf/basiclayer/pgfcoretransformation
s.code.tex
File: pgfcoretransformations.code.tex 2020/01/08 v3.1.5b (3.1.5b)
\pgf@pt@x=\dimen269
\pgf@pt@y=\dimen270
\pgf@pt@temp=\dimen271
)
(/usr/share/texlive/texmf-dist/tex/generic/pgf/basiclayer/pgfcorequick.code.tex
File: pgfcorequick.code.tex 2020/01/08 v3.1.5b (3.1.5b)
)
(/usr/share/texlive/texmf-dist/tex/generic/pgf/basiclayer/pgfcoreobjects.code.t
ex
File: pgfcoreobjects.code.tex 2020/01/08 v3.1.5b (3.1.5b)
)
(/usr/share/texlive/texmf-dist/tex/generic/pgf/basiclayer/pgfcorepathprocessing
.code.tex
File: pgfcorepathprocessing.code.tex 2020/01/08 v3.1.5b (3.1.5b)
)
(/usr/share/texlive/texmf-dist/tex/generic/pgf/basiclayer/pgfcorearrows.code.te
x
File: pgfcorearrows.code.tex 2020/01/08 v3.1.5b (3.1.5b)
\pgfarrowsep=\dimen272
)
(/usr/share/texlive/texmf-dist/tex/generic/pgf/basiclayer/pgfcoreshade.code.tex
File: pgfcoreshade.code.tex 2020/01/08 v3.1.5b (3.1.5b)
\pgf@max=\dimen273
\pgf@sys@shading@range@num=\count285
\pgf@shadingcount=\count286
)
(/usr/share/texlive/texmf-dist/tex/generic/pgf/basiclayer/pgfcoreimage.code.tex
File: pgfcoreimage.code.tex 2020/01/08 v3.1.5b (3.1.5b)

(/usr/share/texlive/texmf-dist/tex/generic/pgf/basiclayer/pgfcoreexternal.code.
tex
File: pgfcoreexternal.code.tex 2020/01/08 v3.1.5b (3.1.5b)
\pgfexternal@startupbox=\box59
))
(/usr/share/texlive/texmf-dist/tex/generic/pgf/basiclayer/pgfcorelayers.code.te
x
File: pgfcorelayers.code.tex 2020/01/08 v3.1.5b (3.1.5b)
)
(/usr/share/texlive/texmf-dist/tex/generic/pgf/basiclayer/pgfcoretransparency.c
ode.tex
File: pgfcoretransparency.code.tex 2020/01/08 v3.1.5b (3.1.5b)
)
(/usr/share/texlive/texmf-dist/tex/generic/pgf/basiclayer/pgfcorepatterns.code.
tex
File: pgfcorepatterns.code.tex 2020/01/08 v3.1.5b (3.1.5b)
)
(/usr/share/texlive/texmf-dist/tex/generic/pgf/basiclayer/pgfcorerdf.code.tex
File: pgfcorerdf.code.tex 2020/01/08 v3.1.5b (3.1.5b)
)))
(/usr/share/texlive/texmf-dist/tex/generic/pgf/modules/pgfmoduleshapes.code.tex
File: pgfmoduleshapes.code.tex 2020/01/08 v3.1.5b (3.1.5b)
\pgfnodeparttextbox=\box60
) (/usr/share/texlive/texmf-dist/tex/generic/pgf/modules/pgfmoduleplot.code.tex
File: pgfmoduleplot.code.tex 2020/01/08 v3.1.5b (3.1.5b)
)
(/usr/share/texlive/texmf-dist/tex/latex/pgf/compatibility/pgfcomp-version-0-65
.sty
Package: pgfcomp-version-0-65 2020/01/08 v3.1.5b (3.1.5b)
\pgf@nodesepstart=\dimen274
\pgf@nodesepend=\dimen275
)
(/usr/share/texlive/texmf-dist/tex/latex/pgf/compatibility/pgfcomp-version-1-18
.sty
Package: pgfcomp-version-1-18 2020/01/08 v3.1.5b (3.1.5b)
)) (/usr/share/texlive/texmf-dist/tex/latex/pgf/utilities/pgffor.sty
(/usr/share/texlive/texmf-dist/tex/latex/pgf/utilities/pgfkeys.sty
(/usr/share/texlive/texmf-dist/tex/generic/pgf/utilities/pgfkeys.code.tex))
(/usr/share/texlive/texmf-dist/tex/latex/pgf/math/pgfmath.sty
(/usr/share/texlive/texmf-dist/tex/generic/pgf/math/pgfmath.code.tex))
(/usr/share/texlive/texmf-dist/tex/generic/pgf/utilities/pgffor.code.tex
Package: pgffor 2020/01/08 v3.1.5b (3.1.5b)

(/usr/share/texlive/texmf-dist/tex/generic/pgf/math/pgfmath.code.tex)
\pgffor@iter=\dimen276
\pgffor@skip=\dimen277
\pgffor@stack=\toks46
\pgffor@toks=\toks47
))
(/usr/share/texlive/texmf-dist/tex/generic/pgf/frontendlayer/tikz/tikz.code.tex
Package: tikz 2020/01/08 v3.1.5b (3.1.5b)

(/usr/share/texlive/texmf-dist/tex/generic/pgf/libraries/pgflibraryplothandlers
.code.tex
File: pgflibraryplothandlers.code.tex 2020/01/08 v3.1.5b (3.1.5b)
\pgf@plot@mark@count=\count287
\pgfplotmarksize=\dimen278
)
\tikz@lastx=\dimen279
\tikz@lasty=\dimen280
\tikz@lastxsaved=\dimen281
\tikz@lastysaved=\dimen282
\tikz@lastmovetox=\dimen283
\tikz@lastmovetoy=\dimen284
\tikzleveldistance=\dimen285
\tikzsiblingdistance=\dimen286
\tikz@figbox=\box61
\tikz@figbox@bg=\box62
\tikz@tempbox=\box63
\tikz@tempbox@bg=\box64
\tikztreelevel=\count288
\tikznumberofchildren=\count289
\tikznumberofcurrentchild=\count290
\tikz@fig@count=\count291

(/usr/share/texlive/texmf-dist/tex/generic/pgf/modules/pgfmodulematrix.code.tex
File: pgfmodulematrix.code.tex 2020/01/08 v3.1.5b (3.1.5b)
\pgfmatrixcurrentrow=\count292
\pgfmatrixcurrentcolumn=\count293
\pgf@matrix@numberofcolumns=\count294
)
\tikz@expandcount=\count295

(/usr/share/texlive/texmf-dist/tex/generic/pgf/frontendlayer/tikz/libraries/tik
zlibrarytopaths.code.tex
File: tikzlibrarytopaths.code.tex 2020/01/08 v3.1.5b (3.1.5b)
)))
(/usr/share/texlive/texmf-dist/tex/latex/totcount/totcount.sty
Package: totcount 2011/01/25 v1.2 package for gettingthe total value of LaTeX c
ounters
)
(/usr/share/texlive/texmf-dist/tex/latex/changepage/changepage.sty
Package: changepage 2009/10/20 v1.0c check page and change page layout
\c@cp@cntr=\count296
\cp@tempcnt=\count297
)
(/usr/share/texlive/texmf-dist/tex/latex/paracol/paracol.sty
Package: paracol 2018/12/31 v1.35 
\pcol@currcol=\count298
\pcol@nextcol=\count299
\pcol@ncol=\count300
\pcol@ncolleft=\count301
\pcol@page=\count302
\pcol@basepage=\count303
\pcol@toppage=\count304
\pcol@footnotebase=\count305
\pcol@nfootnotes=\count306
\pcol@mcid=\count307
\pcol@prevdepth=\dimen287
\pcol@colht=\dimen288
\pcol@textfloatsep=\dimen289
\pcol@lrmargin=\dimen290
\pagerim=\dimen291
\pcol@topskip=\skip74
\belowfootnoteskip=\skip75
\pcol@topfnotes=\box65
\pcol@prespan=\box66
\pcol@rightpage=\box67
\pcol@colorstack@saved=\box68
\pcol@tempboxa=\box69
\pcol@tempboxb=\box70
\pcol@colorins=\insert252
\pcol@everyvbox=\toks48
)
(/usr/share/texlive/texmf-dist/tex/latex/frankenstein/attrib.sty
Package: attrib 2001/08/31 v1.3 attribution of block elements (Frankenstein's h
at)

(/usr/share/texlive/texmf-dist/tex/latex/frankenstein/moredefs.sty
Package: moredefs 2001/08/31 v1.8 more defining commands (Frankenstein's brain)

\sc@toks@a=\toks49
\sc@toks@b=\toks50
)
\AttribMinSkip=\skip76
)
(/usr/share/texlive/texmf-dist/tex/latex/was/upgreek.sty
Package: upgreek 2003/02/12 v2.0 (WaS)
Package upgreek Info: Using Euler Roman for upright Greek on input line 31.
\symugrf@m=\mathgroup7
LaTeX Font Info:    Overwriting symbol font `ugrf@m' in version `bold'
(Font)                  U/eur/m/n --> U/eur/b/n on input line 38.
)
(/usr/share/texlive/texmf-dist/tex/latex/tools/tabularx.sty
Package: tabularx 2020/01/15 v2.11c `tabularx' package (DPC)
\TX@col@width=\dimen292
\TX@old@table=\dimen293
\TX@old@col=\dimen294
\TX@target=\dimen295
\TX@delta=\dimen296
\TX@cols=\count308
\TX@ftn=\toks51
)
(/usr/share/texlive/texmf-dist/tex/latex/pbox/pbox.sty
Package: pbox 2011/12/07 v1.2 Dynamic parboxes
\pb@xlen=\skip77
)
(/usr/share/texlive/texmf-dist/tex/latex/ragged2e/ragged2e.sty
Package: ragged2e 2019/07/28 v2.2 ragged2e Package (MS)

(/usr/share/texlive/texmf-dist/tex/latex/ms/everysel.sty
Package: everysel 2011/10/28 v1.2 EverySelectfont Package (MS)
)
\CenteringLeftskip=\skip78
\RaggedLeftLeftskip=\skip79
\RaggedRightLeftskip=\skip80
\CenteringRightskip=\skip81
\RaggedLeftRightskip=\skip82
\RaggedRightRightskip=\skip83
\CenteringParfillskip=\skip84
\RaggedLeftParfillskip=\skip85
\RaggedRightParfillskip=\skip86
\JustifyingParfillskip=\skip87
\CenteringParindent=\skip88
\RaggedLeftParindent=\skip89
\RaggedRightParindent=\skip90
\JustifyingParindent=\skip91
)
(./Definitions/journalnames.tex)
(/usr/share/texlive/texmf-dist/tex/latex/amscls/amsthm.sty
Package: amsthm 2020/05/29 v2.20.6
\thm@style=\toks52
\thm@bodyfont=\toks53
\thm@headfont=\toks54
\thm@notefont=\toks55
\thm@headpunct=\toks56
\thm@preskip=\skip92
\thm@postskip=\skip93
\thm@headsep=\skip94
\dth@everypar=\toks57
)
\c@theorem=\count309
\c@lemma=\count310
\c@corollary=\count311
\c@proposition=\count312
\c@characterization=\count313
\c@property=\count314
\c@problem=\count315
\c@example=\count316
\c@examplesanddefinitions=\count317
\c@remark=\count318
\c@definition=\count319
\c@hypothesis=\count320
\c@notation=\count321
\c@assumption=\count322

(/usr/share/texlive/texmf-dist/tex/latex/natbib/natbib.sty
Package: natbib 2010/09/13 8.31b (PWD, AO)
\bibhang=\skip95
\bibsep=\skip96
LaTeX Info: Redefining \cite on input line 694.
\c@NAT@ctr=\count323
)
(/usr/share/texlive/texmf-dist/tex/latex/hyperref/hyperref.sty
Package: hyperref 2020-05-15 v7.00e Hypertext links for LaTeX

(/usr/share/texlive/texmf-dist/tex/generic/pdfescape/pdfescape.sty
Package: pdfescape 2019/12/09 v1.15 Implements pdfTeX's escape features (HO)
)
(/usr/share/texlive/texmf-dist/tex/latex/hycolor/hycolor.sty
Package: hycolor 2020-01-27 v1.10 Color options for hyperref/bookmark (HO)
)
(/usr/share/texlive/texmf-dist/tex/latex/letltxmacro/letltxmacro.sty
Package: letltxmacro 2019/12/03 v1.6 Let assignment for LaTeX macros (HO)
)
(/usr/share/texlive/texmf-dist/tex/latex/auxhook/auxhook.sty
Package: auxhook 2019-12-17 v1.6 Hooks for auxiliary files (HO)
)
\@linkdim=\dimen297
\Hy@linkcounter=\count324
\Hy@pagecounter=\count325

(/usr/share/texlive/texmf-dist/tex/latex/hyperref/pd1enc.def
File: pd1enc.def 2020-05-15 v7.00e Hyperref: PDFDocEncoding definition (HO)
Now handling font encoding PD1 ...
... no UTF-8 mapping file for font encoding PD1
)
(/usr/share/texlive/texmf-dist/tex/generic/intcalc/intcalc.sty
Package: intcalc 2019/12/15 v1.3 Expandable calculations with integers (HO)
)
(/usr/share/texlive/texmf-dist/tex/generic/etexcmds/etexcmds.sty
Package: etexcmds 2019/12/15 v1.7 Avoid name clashes with e-TeX commands (HO)
)
\Hy@SavedSpaceFactor=\count326
Package hyperref Info: Option `unicode' set `true' on input line 4338.

(/usr/share/texlive/texmf-dist/tex/latex/hyperref/puenc.def
File: puenc.def 2020-05-15 v7.00e Hyperref: PDF Unicode definition (HO)
Now handling font encoding PU ...
... no UTF-8 mapping file for font encoding PU
)
Package hyperref Info: Option `bookmarksopen' set `true' on input line 4338.
Package hyperref Info: Option `pdffitwindow' set `true' on input line 4338.
Package hyperref Info: Option `colorlinks' set `true' on input line 4338.
Package hyperref Info: Option `hyperfootnotes' set `false' on input line 4338.
Package hyperref Info: Hyper figures OFF on input line 4464.
Package hyperref Info: Link nesting OFF on input line 4469.
Package hyperref Info: Hyper index ON on input line 4472.
Package hyperref Info: Plain pages OFF on input line 4479.
Package hyperref Info: Backreferencing OFF on input line 4484.
Package hyperref Info: Implicit mode ON; LaTeX internals redefined.
Package hyperref Info: Bookmarks ON on input line 4717.
\c@Hy@tempcnt=\count327

(/usr/share/texlive/texmf-dist/tex/latex/url/url.sty
\Urlmuskip=\muskip17
Package: url 2013/09/16  ver 3.4  Verb mode for urls, etc.
)
LaTeX Info: Redefining \url on input line 5076.
\XeTeXLinkMargin=\dimen298

(/usr/share/texlive/texmf-dist/tex/generic/bitset/bitset.sty
Package: bitset 2019/12/09 v1.3 Handle bit-vector datatype (HO)

(/usr/share/texlive/texmf-dist/tex/generic/bigintcalc/bigintcalc.sty
Package: bigintcalc 2019/12/15 v1.5 Expandable calculations on big integers (HO
)
))
\Fld@menulength=\count328
\Field@Width=\dimen299
\Fld@charsize=\dimen300
Package hyperref Info: Hyper figures OFF on input line 6347.
Package hyperref Info: Link nesting OFF on input line 6352.
Package hyperref Info: Hyper index ON on input line 6355.
Package hyperref Info: backreferencing OFF on input line 6362.
Package hyperref Info: Link coloring ON on input line 6365.
Package hyperref Info: Link coloring with OCG OFF on input line 6372.
Package hyperref Info: PDF/A mode OFF on input line 6377.
LaTeX Info: Redefining \ref on input line 6417.
LaTeX Info: Redefining \pageref on input line 6421.

(/usr/share/texlive/texmf-dist/tex/generic/atbegshi/atbegshi.sty
Package: atbegshi 2019/12/05 v1.19 At begin shipout hook (HO)
)
\Hy@abspage=\count329
\c@Item=\count330
)
Package hyperref Info: Driver: hpdftex.

(/usr/share/texlive/texmf-dist/tex/latex/hyperref/hpdftex.def
File: hpdftex.def 2020-05-15 v7.00e Hyperref driver for pdfTeX

(/usr/share/texlive/texmf-dist/tex/latex/atveryend/atveryend.sty
Package: atveryend 2019-12-11 v1.11 Hooks at the very end of document (HO)
)
\Fld@listcount=\count331
\c@bookmark@seq@number=\count332

(/usr/share/texlive/texmf-dist/tex/latex/rerunfilecheck/rerunfilecheck.sty
Package: rerunfilecheck 2019/12/05 v1.9 Rerun checks for auxiliary files (HO)

(/usr/share/texlive/texmf-dist/tex/generic/uniquecounter/uniquecounter.sty
Package: uniquecounter 2019/12/15 v1.4 Provide unlimited unique counter (HO)
)
Package uniquecounter Info: New unique counter `rerunfilecheck' on input line 2
86.
)
\Hy@SectionHShift=\skip97
)
(/usr/share/texlive/texmf-dist/tex/latex/koma-script/scrextend.sty
Package: scrextend 2020/07/22 v3.31 KOMA-Script package (extend other classes w
ith features of KOMA-Script classes)

(/usr/share/texlive/texmf-dist/tex/latex/koma-script/scrkbase.sty
Package: scrkbase 2020/07/22 v3.31 KOMA-Script package (KOMA-Script-dependent b
asics and keyval usage)

(/usr/share/texlive/texmf-dist/tex/latex/koma-script/scrbase.sty
Package: scrbase 2020/07/22 v3.31 KOMA-Script package (KOMA-Script-independent 
basics and keyval usage)

(/usr/share/texlive/texmf-dist/tex/latex/koma-script/scrlfile.sty
Package: scrlfile 2020/07/22 v3.31 KOMA-Script package (loading files)
))))
\c@page@totc=\count333

(/usr/share/texlive/texmf-dist/tex/latex/geometry/geometry.sty
Package: geometry 2020/01/02 v5.9 Page Geometry

(/usr/share/texlive/texmf-dist/tex/generic/iftex/ifvtex.sty
Package: ifvtex 2019/10/25 v1.7 ifvtex legacy package. Use iftex instead.
)
\Gm@cnth=\count334
\Gm@cntv=\count335
\c@Gm@tempcnt=\count336
\Gm@bindingoffset=\dimen301
\Gm@wd@mp=\dimen302
\Gm@odd@mp=\dimen303
\Gm@even@mp=\dimen304
\Gm@layoutwidth=\dimen305
\Gm@layoutheight=\dimen306
\Gm@layouthoffset=\dimen307
\Gm@layoutvoffset=\dimen308
\Gm@dimlist=\toks58
)
(/usr/share/texlive/texmf-dist/tex/latex/newfloat/newfloat.sty
Package: newfloat 2019/09/02 v1.1l Defining new floating environments (AR)
)
Package newfloat Info: New float `listing' with options `' on input line 1186.
\c@listing=\count337
Package newfloat Info: float type `listing'=4 on input line 1186.
Package newfloat Info: New float `boxenv' with options `name=Box' on input line
 1187.
\c@boxenv=\count338
Package newfloat Info: float type `boxenv'=8 on input line 1187.
Package newfloat Info: New float `chart' with options `' on input line 1188.
\c@chart=\count339
Package newfloat Info: float type `chart'=16 on input line 1188.
Package newfloat Info: New float `scheme' with options `' on input line 1189.
\c@scheme=\count340
Package newfloat Info: float type `scheme'=32 on input line 1189.
Package newfloat Info: New float `figurewide' with options `' on input line 119
0.
\c@figurewide=\count341
Package newfloat Info: float type `figurewide'=64 on input line 1190.
Package newfloat Info: New float `specialtable' with options `name=Table' on in
put line 1191.
\c@specialtable=\count342
Package newfloat Info: float type `specialtable'=128 on input line 1191.

(/usr/share/texlive/texmf-dist/tex/latex/caption/caption.sty
Package: caption 2020/05/30 v3.4k Customizing captions (AR)

(/usr/share/texlive/texmf-dist/tex/latex/caption/caption3.sty
Package: caption3 2020/07/20 v1.12b caption3 kernel (AR)
Package caption3 Info: TeX engine: e-TeX on input line 61.
\captionmargin=\dimen309
\captionmargin@=\dimen310
\captionwidth=\dimen311
\caption@tempdima=\dimen312
\caption@indent=\dimen313
\caption@parindent=\dimen314
\caption@hangindent=\dimen315
Package caption Info: Standard document class detected.
)
\c@caption@flags=\count343
\c@continuedfloat=\count344
Package caption Info: changepage package is loaded.
\caption@adjustwidth@hsize=\dimen316
\caption@adjustwidth@linewidth=\dimen317
Package caption Info: float package is loaded.
Package caption Info: hyperref package is loaded.
)
\@justcentbox=\box71

(/usr/share/texlive/texmf-dist/tex/latex/seqsplit/seqsplit.sty
Package: seqsplit 2006/08/07 v0.1 Splitting long sequences (DNA, RNA, proteins,
 etc.) 
)
\cellWidtha=\skip98
\cellWidthb=\skip99
\cellWidthc=\skip100
\cellWidthd=\skip101
\cellWidthe=\skip102
\cellWidthf=\skip103
\cellWidthg=\skip104
\cellWidthh=\skip105
\cellWidthi=\skip106
\cellWidthj=\skip107
\cellWidthk=\skip108
\cellWidthl=\skip109
\cellWidthm=\skip110
\cellWidthn=\skip111
\cellWidtho=\skip112
\cellWidthp=\skip113
\cellWidthq=\skip114
\cellWidthr=\skip115
\cellWidths=\skip116
\cellWidtht=\skip117
\cellWidthu=\skip118
\cellWidthv=\skip119
\cellWidthw=\skip120
\cellWidthx=\skip121
\cellWidthy=\skip122
\cellWidthz=\skip123
\cellWidthA=\skip124
\cellWidthB=\skip125
\cellWidthC=\skip126
\cellWidthD=\skip127
\cellWidthE=\skip128
\cellWidthF=\skip129
\cellWidthG=\skip130
\cellWidthH=\skip131
\cellWidthI=\skip132
\cellWidthJ=\skip133
\cellWidthK=\skip134
\cellWidthL=\skip135
\cellWidthM=\skip136
\cellWidthN=\skip137
\cellWidthO=\skip138
\cellWidthP=\skip139
\cellWidthQ=\skip140
\cellWidthR=\skip141
\cellWidthS=\skip142
\cellWidthT=\skip143
\cellWidthU=\skip144
\cellWidthV=\skip145
\cellWidthW=\skip146
\cellWidthX=\skip147
\cellWidthY=\skip148
\cellWidthZ=\skip149
)
(/usr/share/texlive/texmf-dist/tex/latex/tools/longtable.sty
Package: longtable 2020/01/07 v4.13 Multi-page Table package (DPC)
\LTleft=\skip150
\LTright=\skip151
\LTpre=\skip152
\LTpost=\skip153
\LTchunksize=\count345
\LTcapwidth=\dimen318
\LT@head=\box72
\LT@firsthead=\box73
\LT@foot=\box74
\LT@lastfoot=\box75
\LT@cols=\count346
\LT@rows=\count347
\c@LT@tables=\count348
\c@LT@chunks=\count349
\LT@p@ftn=\toks59
)
(/usr/share/texlive/texmf-dist/tex/latex/caption/subcaption.sty
Package: subcaption 2020/01/22 v1.3d Sub-captions (AR)
\c@subfigure=\count350
\c@subtable=\count351
\c@sublisting=\count352
\c@subboxenv=\count353
\c@subchart=\count354
\c@subscheme=\count355
\c@subfigurewide=\count356
\c@subspecialtable=\count357
)
(/usr/share/texlive/texmf-dist/tex/latex/graphics/rotating.sty
Package: rotating 2016/08/11 v2.16d rotated objects in LaTeX
\c@r@tfl@t=\count358
\rotFPtop=\skip154
\rotFPbot=\skip155
\rot@float@box=\box76
\rot@mess@toks=\toks60
)
(/usr/share/texlive/texmf-dist/tex/latex/l3backend/l3backend-pdfmode.def
File: l3backend-pdfmode.def 2020-06-29 L3 backend support: PDF mode
\l__kernel_color_stack_int=\count359
\l__pdf_internal_box=\box77
)
(./manuscript.v5.aux)
\openout1 = `manuscript.v5.aux'.

LaTeX Font Info:    Checking defaults for OML/cmm/m/it on input line 121.
LaTeX Font Info:    ... okay on input line 121.
LaTeX Font Info:    Checking defaults for OMS/cmsy/m/n on input line 121.
LaTeX Font Info:    ... okay on input line 121.
LaTeX Font Info:    Checking defaults for OT1/cmr/m/n on input line 121.
LaTeX Font Info:    ... okay on input line 121.
LaTeX Font Info:    Checking defaults for T1/cmr/m/n on input line 121.
LaTeX Font Info:    ... okay on input line 121.
LaTeX Font Info:    Checking defaults for TS1/cmr/m/n on input line 121.
LaTeX Font Info:    ... okay on input line 121.
LaTeX Font Info:    Checking defaults for OMX/cmex/m/n on input line 121.
LaTeX Font Info:    ... okay on input line 121.
LaTeX Font Info:    Checking defaults for U/cmr/m/n on input line 121.
LaTeX Font Info:    ... okay on input line 121.
LaTeX Font Info:    Checking defaults for PD1/pdf/m/n on input line 121.
LaTeX Font Info:    ... okay on input line 121.
LaTeX Font Info:    Checking defaults for PU/pdf/m/n on input line 121.
LaTeX Font Info:    ... okay on input line 121.
LaTeX Font Info:    Trying to load font information for T1+ppl on input line 12
1.
 (/usr/share/texlive/texmf-dist/tex/latex/psnfss/t1ppl.fd
File: t1ppl.fd 2001/06/04 font definitions for T1/ppl.
) (/usr/share/texlive/texmf-dist/tex/context/base/mkii/supp-pdf.mkii
[Loading MPS to PDF converter (version 2006.09.02).]
\scratchcounter=\count360
\scratchdimen=\dimen319
\scratchbox=\box78
\nofMPsegments=\count361
\nofMParguments=\count362
\everyMPshowfont=\toks61
\MPscratchCnt=\count363
\MPscratchDim=\dimen320
\MPnumerator=\count364
\makeMPintoPDFobject=\count365
\everyMPtoPDFconversion=\toks62
)
Package lastpage Info: Please have a look at the pageslts package at
(lastpage)             https://www.ctan.org/pkg/pageslts
(lastpage)             ! on input line 121.
LaTeX Info: Redefining \microtypecontext on input line 121.
Package microtype Info: Generating PDF output.
Package microtype Info: Character protrusion enabled (level 2).
Package microtype Info: Using default protrusion set `alltext'.
Package microtype Info: Automatic font expansion enabled (level 2),
(microtype)             stretch: 20, shrink: 20, step: 1, non-selected.
Package microtype Info: Using default expansion set `basictext'.
LaTeX Info: Redefining \showhyphens on input line 121.
Package microtype Info: No adjustment of tracking.
Package microtype Info: No adjustment of interword spacing.
Package microtype Info: No adjustment of character kerning.
 (/usr/share/texlive/texmf-dist/tex/latex/microtype/mt-ppl.cfg
File: mt-ppl.cfg 2005/11/16 v1.6 microtype config. file: Palatino (RS)
)
ABD: EveryShipout initializing macros ABD: EverySelectfont initializing macros
LaTeX Info: Redefining \selectfont on input line 121.
\AtBeginShipoutBox=\box79
Package hyperref Info: Link coloring ON on input line 121.

(/usr/share/texlive/texmf-dist/tex/latex/hyperref/nameref.sty
Package: nameref 2019/09/16 v2.46 Cross-referencing by name of section

(/usr/share/texlive/texmf-dist/tex/latex/refcount/refcount.sty
Package: refcount 2019/12/15 v3.6 Data extraction from label references (HO)
)
(/usr/share/texlive/texmf-dist/tex/generic/gettitlestring/gettitlestring.sty
Package: gettitlestring 2019/12/15 v1.6 Cleanup title references (HO)
)
\c@section@level=\count366
)
LaTeX Info: Redefining \ref on input line 121.
LaTeX Info: Redefining \pageref on input line 121.
LaTeX Info: Redefining \nameref on input line 121.

(./manuscript.v5.out) (./manuscript.v5.out)
\@outlinefile=\write4
\openout4 = `manuscript.v5.out'.

LaTeX Font Info:    Redeclaring symbol font `AMSb' on input line 121.
LaTeX Font Info:    Overwriting symbol font `AMSb' in version `normal'
(Font)                  U/msb/m/n --> U/msb/m/n on input line 121.
LaTeX Font Info:    Overwriting symbol font `AMSb' in version `bold'
(Font)                  U/msb/m/n --> U/msb/m/n on input line 121.

*geometry* detected driver: pdftex
*geometry* verbose mode - [ preamble ] result:
* driver: pdftex
* paper: <default>
* layout: <same size as paper>
* layoutoffset:(h,v)=(0.0pt,0.0pt)
* modes: includehead includefoot 
* h-part:(L,W,R)=(36.13512pt, 525.23764pt, 36.13512pt)
* v-part:(T,H,B)=(54.06006pt, 769.64723pt, 21.33955pt)
* \paperwidth=597.50787pt
* \paperheight=845.04684pt
* \textwidth=525.23764pt
* \textheight=689.64723pt
* \oddsidemargin=-36.13487pt
* \evensidemargin=-36.13487pt
* \topmargin=-18.20993pt
* \headheight=12.0pt
* \headsep=20.0pt
* \topskip=10.0pt
* \footskip=48.0pt
* \marginparwidth=57.0pt
* \marginparsep=11.0pt
* \columnsep=14.22636pt
* \skip\footins=17.07182pt
* \hoffset=0.0pt
* \voffset=0.0pt
* \mag=1000
* \@twocolumnfalse
* \@twosidefalse
* \@mparswitchfalse
* \@reversemarginfalse
* (1in=72.27pt=25.4mm, 1cm=28.453pt)

Package newfloat Info: `float' package detected.
Package newfloat Info: `rotating' package detected.
Package caption Info: Begin \AtBeginDocument code.
Package caption Info: longtable package is loaded.
(/usr/share/texlive/texmf-dist/tex/latex/caption/ltcaption.sty
Package: ltcaption 2020/05/30 v1.4b longtable captions (AR)
)
Package caption Info: rotating package is loaded.
Package caption Info: End \AtBeginDocument code.


Package hyperref Warning: Token not allowed in a PDF string (Unicode):
(hyperref)                removing `math shift' on input line 121.


Package hyperref Warning: Token not allowed in a PDF string (Unicode):
(hyperref)                removing `math shift' on input line 121.


Package hyperref Warning: Token not allowed in a PDF string (Unicode):
(hyperref)                removing `\setbox' on input line 121.


Package hyperref Warning: Token not allowed in a PDF string (Unicode):
(hyperref)                removing `\z@' on input line 121.


Package hyperref Warning: Token not allowed in a PDF string (Unicode):
(hyperref)                removing `\hbox' on input line 121.


Package hyperref Warning: Token not allowed in a PDF string (Unicode):
(hyperref)                \kern 3.0pt
(hyperref)                removed on input line 121.


Package hyperref Warning: Token not allowed in a PDF string (Unicode):
(hyperref)                removing `\pdfcolorstack' on input line 121.


Package hyperref Warning: Token not allowed in a PDF string (Unicode):
(hyperref)                removing `\main@pdfcolorstack' on input line 121.


Package hyperref Warning: Token not allowed in a PDF string (Unicode):
(hyperref)                removing `\aftergroup' on input line 121.


Package hyperref Warning: Token not allowed in a PDF string (Unicode):
(hyperref)                removing `\pdfcolorstack' on input line 121.


Package hyperref Warning: Token not allowed in a PDF string (Unicode):
(hyperref)                removing `\main@pdfcolorstack' on input line 121.


Package hyperref Warning: Token not allowed in a PDF string (Unicode):
(hyperref)                \kern 3.0pt
(hyperref)                removed on input line 121.


Package hyperref Warning: Token not allowed in a PDF string (Unicode):
(hyperref)                removing `\dimen@' on input line 121.


Package hyperref Warning: Token not allowed in a PDF string (Unicode):
(hyperref)                removing `\ht' on input line 121.


Package hyperref Warning: Token not allowed in a PDF string (Unicode):
(hyperref)                removing `\z@' on input line 121.


Package hyperref Warning: Token not allowed in a PDF string (Unicode):
(hyperref)                removing `\advance' on input line 121.


Package hyperref Warning: Token not allowed in a PDF string (Unicode):
(hyperref)                removing `\dimen@' on input line 121.


Package hyperref Warning: Token not allowed in a PDF string (Unicode):
(hyperref)                removing `\fboxsep' on input line 121.


Package hyperref Warning: Token not allowed in a PDF string (Unicode):
(hyperref)                removing `\ht' on input line 121.


Package hyperref Warning: Token not allowed in a PDF string (Unicode):
(hyperref)                removing `\z@' on input line 121.


Package hyperref Warning: Token not allowed in a PDF string (Unicode):
(hyperref)                removing `\dimen@' on input line 121.


Package hyperref Warning: Token not allowed in a PDF string (Unicode):
(hyperref)                removing `\dimen@' on input line 121.


Package hyperref Warning: Token not allowed in a PDF string (Unicode):
(hyperref)                removing `\dp' on input line 121.


Package hyperref Warning: Token not allowed in a PDF string (Unicode):
(hyperref)                removing `\z@' on input line 121.


Package hyperref Warning: Token not allowed in a PDF string (Unicode):
(hyperref)                removing `\advance' on input line 121.


Package hyperref Warning: Token not allowed in a PDF string (Unicode):
(hyperref)                removing `\dimen@' on input line 121.


Package hyperref Warning: Token not allowed in a PDF string (Unicode):
(hyperref)                removing `\fboxsep' on input line 121.


Package hyperref Warning: Token not allowed in a PDF string (Unicode):
(hyperref)                removing `\dp' on input line 121.


Package hyperref Warning: Token not allowed in a PDF string (Unicode):
(hyperref)                removing `\z@' on input line 121.


Package hyperref Warning: Token not allowed in a PDF string (Unicode):
(hyperref)                removing `\dimen@' on input line 121.


Package hyperref Warning: Token not allowed in a PDF string (Unicode):
(hyperref)                removing `\@ifnextchar' on input line 121.


Package hyperref Warning: Token not allowed in a PDF string (Unicode):
(hyperref)                removing `\pdfcolorstack' on input line 121.


Package hyperref Warning: Token not allowed in a PDF string (Unicode):
(hyperref)                removing `\main@pdfcolorstack' on input line 121.


Package hyperref Warning: Token not allowed in a PDF string (Unicode):
(hyperref)                removing `\aftergroup' on input line 121.


Package hyperref Warning: Token not allowed in a PDF string (Unicode):
(hyperref)                removing `\pdfcolorstack' on input line 121.


Package hyperref Warning: Token not allowed in a PDF string (Unicode):
(hyperref)                removing `\main@pdfcolorstack' on input line 121.


Package hyperref Warning: Token not allowed in a PDF string (Unicode):
(hyperref)                removing `\hbox' on input line 121.


Package hyperref Warning: Token not allowed in a PDF string (Unicode):
(hyperref)                removing `\z@' on input line 121.


Package hyperref Warning: Token not allowed in a PDF string (Unicode):
(hyperref)                removing `\vrule' on input line 121.


Package hyperref Warning: Token not allowed in a PDF string (Unicode):
(hyperref)                removing `\wd' on input line 121.


Package hyperref Warning: Token not allowed in a PDF string (Unicode):
(hyperref)                removing `\z@' on input line 121.


Package hyperref Warning: Token not allowed in a PDF string (Unicode):
(hyperref)                removing `\ht' on input line 121.


Package hyperref Warning: Token not allowed in a PDF string (Unicode):
(hyperref)                removing `\z@' on input line 121.


Package hyperref Warning: Token not allowed in a PDF string (Unicode):
(hyperref)                removing `\dp' on input line 121.


Package hyperref Warning: Token not allowed in a PDF string (Unicode):
(hyperref)                removing `\z@' on input line 121.


Package hyperref Warning: Token not allowed in a PDF string (Unicode):
(hyperref)                removing `\hss' on input line 121.


Package hyperref Warning: Token not allowed in a PDF string (Unicode):
(hyperref)                removing `\box' on input line 121.


Package hyperref Warning: Token not allowed in a PDF string (Unicode):
(hyperref)                removing `\z@' on input line 121.


LaTeX Warning: File `Definitions/genes-logo.eps' not found on input line 121.

Package epstopdf Info: Source file: <Definitions/genes-logo.eps>
(epstopdf)             Output file: <Definitions/genes-logo-eps-converted-to.pd
f>
(epstopdf)             Command: <repstopdf --outfile=Definitions/genes-logo-eps
-converted-to.pdf Definitions/genes-logo.eps>
(epstopdf)             \includegraphics on input line 121.
Package epstopdf Info: Output file is already uptodate.

! Package pdftex.def Error: File `Definitions/genes-logo-eps-converted-to.pdf' 
not found: using draft setting.

See the pdftex.def package documentation for explanation.
Type  H <return>  for immediate help.
 ...                                              
                                                  
l.121 \begin{document}
                      
? 
LaTeX Font Info:    Trying to load font information for T1+cmtt on input line 1
21.
(/usr/share/texlive/texmf-dist/tex/latex/base/t1cmtt.fd
File: t1cmtt.fd 2019/12/16 v2.5j Standard LaTeX font definitions
)
Package microtype Info: Loading generic protrusion settings for font family
(microtype)             `cmtt' (encoding: T1).
(microtype)             For optimal results, create family-specific settings.
(microtype)             See the microtype manual for details.
Package epstopdf Info: Source file: <Definitions/logo-mdpi.eps>
(epstopdf)                    date: 2021-05-12 21:32:36
(epstopdf)                    size: 736786 bytes
(epstopdf)             Output file: <Definitions/logo-mdpi-eps-converted-to.pdf
>
(epstopdf)                    date: 2021-05-12 21:32:36
(epstopdf)                    size: 44135 bytes
(epstopdf)             Command: <repstopdf --outfile=Definitions/logo-mdpi-eps-
converted-to.pdf Definitions/logo-mdpi.eps>
(epstopdf)             \includegraphics on input line 121.
Package epstopdf Info: Output file is already uptodate.
<Definitions/logo-mdpi-eps-converted-to.pdf, id=48, 88.33pt x 58.2175pt>
File: Definitions/logo-mdpi-eps-converted-to.pdf Graphic file (type pdf)
<use Definitions/logo-mdpi-eps-converted-to.pdf>
Package pdftex.def Info: Definitions/logo-mdpi-eps-converted-to.pdf  used on in
put line 121.
(pdftex.def)             Requested size: 43.16885pt x 28.45274pt.
LaTeX Font Info:    Trying to load font information for OT1+ppl on input line 1
21.

(/usr/share/texlive/texmf-dist/tex/latex/psnfss/ot1ppl.fd
File: ot1ppl.fd 2001/06/04 font definitions for OT1/ppl.
)
LaTeX Font Info:    Trying to load font information for OML+zplm on input line 
121.

(/usr/share/texlive/texmf-dist/tex/latex/psnfss/omlzplm.fd
File: omlzplm.fd 2002/09/08 Fontinst v1.914 font definitions for OML/zplm.
)
LaTeX Font Info:    Trying to load font information for OMS+zplm on input line 
121.

(/usr/share/texlive/texmf-dist/tex/latex/psnfss/omszplm.fd
File: omszplm.fd 2002/09/08 Fontinst v1.914 font definitions for OMS/zplm.
)
LaTeX Font Info:    Trying to load font information for OMX+zplm on input line 
121.

(/usr/share/texlive/texmf-dist/tex/latex/psnfss/omxzplm.fd
File: omxzplm.fd 2002/09/08 Fontinst v1.914 font definitions for OMX/zplm.
)
LaTeX Font Info:    Font shape `U/msa/m/n' will be
(Font)              scaled to size 10.42007pt on input line 121.

(/usr/share/texlive/texmf-dist/tex/latex/microtype/mt-msa.cfg
File: mt-msa.cfg 2006/02/04 v1.1 microtype config. file: AMS symbols (a) (RS)
)
LaTeX Font Info:    Font shape `U/msa/m/n' will be
(Font)              scaled to size 7.91925pt on input line 121.
LaTeX Font Info:    Font shape `U/msa/m/n' will be
(Font)              scaled to size 6.25204pt on input line 121.
LaTeX Font Info:    Font shape `U/msb/m/n' will be
(Font)              scaled to size 10.42007pt on input line 121.

(/usr/share/texlive/texmf-dist/tex/latex/microtype/mt-msb.cfg
File: mt-msb.cfg 2005/06/01 v1.0 microtype config. file: AMS symbols (b) (RS)
)
LaTeX Font Info:    Font shape `U/msb/m/n' will be
(Font)              scaled to size 7.91925pt on input line 121.
LaTeX Font Info:    Font shape `U/msb/m/n' will be
(Font)              scaled to size 6.25204pt on input line 121.
LaTeX Font Info:    Trying to load font information for OT1+zplm on input line 
121.

(/usr/share/texlive/texmf-dist/tex/latex/psnfss/ot1zplm.fd
File: ot1zplm.fd 2002/09/08 Fontinst v1.914 font definitions for OT1/zplm.
)
Package microtype Info: Loading generic protrusion settings for font family
(microtype)             `zplm' (encoding: OT1).
(microtype)             For optimal results, create family-specific settings.
(microtype)             See the microtype manual for details.

(/usr/share/texlive/texmf-dist/tex/latex/microtype/mt-eur.cfg
File: mt-eur.cfg 2006/07/31 v1.1 microtype config. file: AMS Euler Roman (RS)
)
Package epstopdf Info: Source file: <Definitions/logo-orcid.eps>
(epstopdf)                    date: 2021-05-12 21:32:36
(epstopdf)                    size: 284378 bytes
(epstopdf)             Output file: <Definitions/logo-orcid-eps-converted-to.pd
f>
(epstopdf)                    date: 2021-05-12 21:32:36
(epstopdf)                    size: 12397 bytes
(epstopdf)             Command: <repstopdf --outfile=Definitions/logo-orcid-eps
-converted-to.pdf Definitions/logo-orcid.eps>
(epstopdf)             \includegraphics on input line 121.
Package epstopdf Info: Output file is already uptodate.
<Definitions/logo-orcid-eps-converted-to.pdf, id=50, 102.3825pt x 102.3825pt>
File: Definitions/logo-orcid-eps-converted-to.pdf Graphic file (type pdf)
<use Definitions/logo-orcid-eps-converted-to.pdf>
Package pdftex.def Info: Definitions/logo-orcid-eps-converted-to.pdf  used on i
nput line 121.
(pdftex.def)             Requested size: 9.10509pt x 9.10466pt.
Package epstopdf Info: Source file: <Definitions/logo-orcid.eps>
(epstopdf)                    date: 2021-05-12 21:32:36
(epstopdf)                    size: 284378 bytes
(epstopdf)             Output file: <Definitions/logo-orcid-eps-converted-to.pd
f>
(epstopdf)                    date: 2021-05-12 21:32:36
(epstopdf)                    size: 12397 bytes
(epstopdf)             Command: <repstopdf --outfile=Definitions/logo-orcid-eps
-converted-to.pdf Definitions/logo-orcid.eps>
(epstopdf)             \includegraphics on input line 121.
Package epstopdf Info: Output file is already uptodate.
File: Definitions/logo-orcid-eps-converted-to.pdf Graphic file (type pdf)
<use Definitions/logo-orcid-eps-converted-to.pdf>
Package pdftex.def Info: Definitions/logo-orcid-eps-converted-to.pdf  used on i
nput line 121.
(pdftex.def)             Requested size: 9.10509pt x 9.10466pt.
Package epstopdf Info: Source file: <Definitions/logo-orcid.eps>
(epstopdf)                    date: 2021-05-12 21:32:36
(epstopdf)                    size: 284378 bytes
(epstopdf)             Output file: <Definitions/logo-orcid-eps-converted-to.pd
f>
(epstopdf)                    date: 2021-05-12 21:32:36
(epstopdf)                    size: 12397 bytes
(epstopdf)             Command: <repstopdf --outfile=Definitions/logo-orcid-eps
-converted-to.pdf Definitions/logo-orcid.eps>
(epstopdf)             \includegraphics on input line 121.
Package epstopdf Info: Output file is already uptodate.
File: Definitions/logo-orcid-eps-converted-to.pdf Graphic file (type pdf)
<use Definitions/logo-orcid-eps-converted-to.pdf>
Package pdftex.def Info: Definitions/logo-orcid-eps-converted-to.pdf  used on i
nput line 121.
(pdftex.def)             Requested size: 9.10509pt x 9.10466pt.
Package epstopdf Info: Source file: <Definitions/logo-orcid.eps>
(epstopdf)                    date: 2021-05-12 21:32:36
(epstopdf)                    size: 284378 bytes
(epstopdf)             Output file: <Definitions/logo-orcid-eps-converted-to.pd
f>
(epstopdf)                    date: 2021-05-12 21:32:36
(epstopdf)                    size: 12397 bytes
(epstopdf)             Command: <repstopdf --outfile=Definitions/logo-orcid-eps
-converted-to.pdf Definitions/logo-orcid.eps>
(epstopdf)             \includegraphics on input line 121.
Package epstopdf Info: Output file is already uptodate.
File: Definitions/logo-orcid-eps-converted-to.pdf Graphic file (type pdf)
<use Definitions/logo-orcid-eps-converted-to.pdf>
Package pdftex.def Info: Definitions/logo-orcid-eps-converted-to.pdf  used on i
nput line 121.
(pdftex.def)             Requested size: 9.10509pt x 9.10466pt.
Package epstopdf Info: Source file: <Definitions/logo-orcid.eps>
(epstopdf)                    date: 2021-05-12 21:32:36
(epstopdf)                    size: 284378 bytes
(epstopdf)             Output file: <Definitions/logo-orcid-eps-converted-to.pd
f>
(epstopdf)                    date: 2021-05-12 21:32:36
(epstopdf)                    size: 12397 bytes
(epstopdf)             Command: <repstopdf --outfile=Definitions/logo-orcid-eps
-converted-to.pdf Definitions/logo-orcid.eps>
(epstopdf)             \includegraphics on input line 121.
Package epstopdf Info: Output file is already uptodate.
File: Definitions/logo-orcid-eps-converted-to.pdf Graphic file (type pdf)
<use Definitions/logo-orcid-eps-converted-to.pdf>
Package pdftex.def Info: Definitions/logo-orcid-eps-converted-to.pdf  used on i
nput line 121.
(pdftex.def)             Requested size: 9.10509pt x 9.10466pt.
Package epstopdf Info: Source file: <Definitions/logo-orcid.eps>
(epstopdf)                    date: 2021-05-12 21:32:36
(epstopdf)                    size: 284378 bytes
(epstopdf)             Output file: <Definitions/logo-orcid-eps-converted-to.pd
f>
(epstopdf)                    date: 2021-05-12 21:32:36
(epstopdf)                    size: 12397 bytes
(epstopdf)             Command: <repstopdf --outfile=Definitions/logo-orcid-eps
-converted-to.pdf Definitions/logo-orcid.eps>
(epstopdf)             \includegraphics on input line 121.
Package epstopdf Info: Output file is already uptodate.
File: Definitions/logo-orcid-eps-converted-to.pdf Graphic file (type pdf)
<use Definitions/logo-orcid-eps-converted-to.pdf>
Package pdftex.def Info: Definitions/logo-orcid-eps-converted-to.pdf  used on i
nput line 121.
(pdftex.def)             Requested size: 9.10509pt x 9.10466pt.
Package epstopdf Info: Source file: <Definitions/logo-orcid.eps>
(epstopdf)                    date: 2021-05-12 21:32:36
(epstopdf)                    size: 284378 bytes
(epstopdf)             Output file: <Definitions/logo-orcid-eps-converted-to.pd
f>
(epstopdf)                    date: 2021-05-12 21:32:36
(epstopdf)                    size: 12397 bytes
(epstopdf)             Command: <repstopdf --outfile=Definitions/logo-orcid-eps
-converted-to.pdf Definitions/logo-orcid.eps>
(epstopdf)             \includegraphics on input line 121.
Package epstopdf Info: Output file is already uptodate.
File: Definitions/logo-orcid-eps-converted-to.pdf Graphic file (type pdf)
<use Definitions/logo-orcid-eps-converted-to.pdf>
Package pdftex.def Info: Definitions/logo-orcid-eps-converted-to.pdf  used on i
nput line 121.
(pdftex.def)             Requested size: 9.10509pt x 9.10466pt.
Package epstopdf Info: Source file: <Definitions/logo-orcid.eps>
(epstopdf)                    date: 2021-05-12 21:32:36
(epstopdf)                    size: 284378 bytes
(epstopdf)             Output file: <Definitions/logo-orcid-eps-converted-to.pd
f>
(epstopdf)                    date: 2021-05-12 21:32:36
(epstopdf)                    size: 12397 bytes
(epstopdf)             Command: <repstopdf --outfile=Definitions/logo-orcid-eps
-converted-to.pdf Definitions/logo-orcid.eps>
(epstopdf)             \includegraphics on input line 121.
Package epstopdf Info: Output file is already uptodate.
File: Definitions/logo-orcid-eps-converted-to.pdf Graphic file (type pdf)
<use Definitions/logo-orcid-eps-converted-to.pdf>
Package pdftex.def Info: Definitions/logo-orcid-eps-converted-to.pdf  used on i
nput line 121.
(pdftex.def)             Requested size: 9.10509pt x 9.10466pt.
<Definitions/logo-updates.pdf, id=59, 832.75539pt x 281.85541pt>
File: Definitions/logo-updates.pdf Graphic file (type pdf)
<use Definitions/logo-updates.pdf>
Package pdftex.def Info: Definitions/logo-updates.pdf  used on input line 121.
(pdftex.def)             Requested size: 50.43332pt x 17.07182pt.
Package epstopdf Info: Source file: <Definitions/logo-ccby.eps>
(epstopdf)                    date: 2021-05-12 21:32:36
(epstopdf)                    size: 484140 bytes
(epstopdf)             Output file: <Definitions/logo-ccby-eps-converted-to.pdf
>
(epstopdf)             Command: <repstopdf --outfile=Definitions/logo-ccby-eps-
converted-to.pdf Definitions/logo-ccby.eps>
(epstopdf)             \includegraphics on input line 121.
runsystem(repstopdf --outfile=Definitions/logo-ccby-eps-converted-to.pdf Defini
tions/logo-ccby.eps)...executed safely (allowed).

Package epstopdf Info: Result file: <Definitions/logo-ccby-eps-converted-to.pdf
>.


! Package pdftex.def Error: File `Definitions/logo-ccby-eps-converted-to.pdf' n
ot found: using draft setting.

See the pdftex.def package documentation for explanation.
Type  H <return>  for immediate help.
 ...                                              
                                                  
l.121 \begin{document}
                      
? 
LaTeX Font Info:    Trying to load font information for TS1+ppl on input line 1
21.
(/usr/share/texlive/texmf-dist/tex/latex/psnfss/ts1ppl.fd
File: ts1ppl.fd 2001/06/04 font definitions for TS1/ppl.
)
Underfull \hbox (badness 1694) in paragraph at lines 121--121
\T1/ppl/b/n/7 Copyright: \TS1/ppl/m/n/7  \T1/ppl/m/n/7 2021 by the au-thors.
 []


Underfull \hbox (badness 2245) in paragraph at lines 121--121
\T1/ppl/m/n/7 Li-censee MDPI, Basel, Switzer-land.
 []


Underfull \hbox (badness 10000) in paragraph at lines 121--121
\T1/ppl/m/n/7 dis-tributed un-der the terms and
 []


Underfull \hbox (badness 10000) in paragraph at lines 121--121
\T1/ppl/m/n/7 cre-ativecom-mons.org/licenses/by/[][]
 []

LaTeX Font Info:    Font shape `U/msa/m/n' will be
(Font)              scaled to size 8.33606pt on input line 121.
LaTeX Font Info:    Font shape `U/msa/m/n' will be
(Font)              scaled to size 5.21004pt on input line 121.
LaTeX Font Info:    Font shape `U/msb/m/n' will be
(Font)              scaled to size 8.33606pt on input line 121.
LaTeX Font Info:    Font shape `U/msb/m/n' will be
(Font)              scaled to size 5.21004pt on input line 121.
LaTeX Font Info:    Font shape `U/msa/m/n' will be
(Font)              scaled to size 9.37807pt on input line 121.
LaTeX Font Info:    Font shape `U/msa/m/n' will be
(Font)              scaled to size 7.29405pt on input line 121.
LaTeX Font Info:    Font shape `U/msb/m/n' will be
(Font)              scaled to size 9.37807pt on input line 121.
LaTeX Font Info:    Font shape `U/msb/m/n' will be
(Font)              scaled to size 7.29405pt on input line 121.

Overfull \hbox (0.97095pt too wide) in paragraph at lines 127--128
\T1/ppl/m/n/10 (-20) chrono-type (morn-ing-ness or evening-ness) ex-po-sures an
d both neurobehavioral/psychiatric-
 []

<Figs/Analysis1/outline.png, id=74, 2667.9675pt x 1503.6175pt>
File: Figs/Analysis1/outline.png Graphic file (type png)
<use Figs/Analysis1/outline.png>
Package pdftex.def Info: Figs/Analysis1/outline.png  used on input line 139.
(pdftex.def)             Requested size: 354.13039pt x 199.56105pt.
<Figs/Analysis1/new_forestIVW1a.pdf, id=99, 1156.32pt x 578.16pt>
File: Figs/Analysis1/new_forestIVW1a.pdf Graphic file (type pdf)
<use Figs/Analysis1/new_forestIVW1a.pdf>
Package pdftex.def Info: Figs/Analysis1/new_forestIVW1a.pdf  used on input line
 189.
(pdftex.def)             Requested size: 373.80563pt x 186.90288pt.
<Figs/Analysis2/Chronotype_vs_Type_2_diabetes.Scatterplots.pdf, id=104, 505.89p
t x 505.89pt>
File: Figs/Analysis2/Chronotype_vs_Type_2_diabetes.Scatterplots.pdf Graphic fil
e (type pdf)
<use Figs/Analysis2/Chronotype_vs_Type_2_diabetes.Scatterplots.pdf>
Package pdftex.def Info: Figs/Analysis2/Chronotype_vs_Type_2_diabetes.Scatterpl
ots.pdf  used on input line 205.
(pdftex.def)             Requested size: 196.74043pt x 196.74051pt.
<Figs/Analysis2/Chronotype_vs_Type_2_diabetes.LOOplots.pdf, id=105, 505.89pt x 
505.89pt>
File: Figs/Analysis2/Chronotype_vs_Type_2_diabetes.LOOplots.pdf Graphic file (t
ype pdf)
<use Figs/Analysis2/Chronotype_vs_Type_2_diabetes.LOOplots.pdf>
Package pdftex.def Info: Figs/Analysis2/Chronotype_vs_Type_2_diabetes.LOOplots.
pdf  used on input line 210.
(pdftex.def)             Requested size: 186.9028pt x 186.90619pt.

Overfull \hbox (1.90001pt too wide) in paragraph at lines 204--214
[]$[]$ $[]$ 
 []

<Figs/Analysis2/Morning_evening_person_(chronotype)_vs_Average_weekly_beer_plus
_cider_intake.Scatterplots.pdf, id=106, 505.89pt x 505.89pt>
File: Figs/Analysis2/Morning_evening_person_(chronotype)_vs_Average_weekly_beer
_plus_cider_intake.Scatterplots.pdf Graphic file (type pdf)
<use Figs/Analysis2/Morning_evening_person_(chronotype)_vs_Average_weekly_beer_
plus_cider_intake.Scatterplots.pdf>
Package pdftex.def Info: Figs/Analysis2/Morning_evening_person_(chronotype)_vs_
Average_weekly_beer_plus_cider_intake.Scatterplots.pdf  used on input line 222.

(pdftex.def)             Requested size: 196.74043pt x 196.74051pt.
<Figs/Analysis2/Morning_evening_person_(chronotype)_vs_Average_weekly_beer_plus
_cider_intake.LOOplots.pdf, id=107, 505.89pt x 505.89pt>
File: Figs/Analysis2/Morning_evening_person_(chronotype)_vs_Average_weekly_beer
_plus_cider_intake.LOOplots.pdf Graphic file (type pdf)
<use Figs/Analysis2/Morning_evening_person_(chronotype)_vs_Average_weekly_beer_
plus_cider_intake.LOOplots.pdf>
Package pdftex.def Info: Figs/Analysis2/Morning_evening_person_(chronotype)_vs_
Average_weekly_beer_plus_cider_intake.LOOplots.pdf  used on input line 228.
(pdftex.def)             Requested size: 186.9028pt x 186.90619pt.

Overfull \hbox (1.90001pt too wide) in paragraph at lines 220--232
[]$[]$ $[]$ 
 []

<Figs/Analysis2/Morning_evening_person_(chronotype)_vs_Bipolar_disorder.Scatter
plots.pdf, id=109, 505.89pt x 505.89pt>
File: Figs/Analysis2/Morning_evening_person_(chronotype)_vs_Bipolar_disorder.Sc
atterplots.pdf Graphic file (type pdf)
<use Figs/Analysis2/Morning_evening_person_(chronotype)_vs_Bipolar_disorder.Sca
tterplots.pdf>
Package pdftex.def Info: Figs/Analysis2/Morning_evening_person_(chronotype)_vs_
Bipolar_disorder.Scatterplots.pdf  used on input line 240.
(pdftex.def)             Requested size: 196.74043pt x 196.74051pt.
<Figs/Analysis2/Morning_evening_person_(chronotype)_vs_Bipolar_disorder.LOOplot
s.pdf, id=110, 505.89pt x 505.89pt>
File: Figs/Analysis2/Morning_evening_person_(chronotype)_vs_Bipolar_disorder.LO
Oplots.pdf Graphic file (type pdf)
<use Figs/Analysis2/Morning_evening_person_(chronotype)_vs_Bipolar_disorder.LOO
plots.pdf>
Package pdftex.def Info: Figs/Analysis2/Morning_evening_person_(chronotype)_vs_
Bipolar_disorder.LOOplots.pdf  used on input line 245.
(pdftex.def)             Requested size: 186.9028pt x 186.90619pt.

Overfull \hbox (1.90001pt too wide) in paragraph at lines 239--249
[]$[]$ $[]$ 
 []


Package Fancyhdr Warning: \headheight is too small (12.0pt): 
Make it at least 20.0pt.
We now make it that large for the rest of the document.
This may cause the page layout to be inconsistent, however.

[1

{/var/lib/texmf/fonts/map/pdftex/updmap/pdftex.map} <./Definitions/logo-mdpi-ep
s-converted-to.pdf> <./Definitions/logo-orcid-eps-converted-to.pdf> <./Definiti
ons/logo-updates.pdf>]

Package Fancyhdr Warning: \headheight is too small (20.0pt): 
Make it at least 21.78793pt.
We now make it that large for the rest of the document.
This may cause the page layout to be inconsistent, however.

[2] [3 <./Figs/Analysis1/outline.png>] [4] [5 <./Figs/Analysis1/new_forestIVW1a
.pdf>] [6 <./Figs/Analysis2/Chronotype_vs_Type_2_diabetes.Scatterplots.pdf> <./
Figs/Analysis2/Chronotype_vs_Type_2_diabetes.LOOplots.pdf> <./Figs/Analysis2/Mo
rning_evening_person_(chronotype)_vs_Average_weekly_beer_plus_cider_intake.Scat
terplots.pdf> <./Figs/Analysis2/Morning_evening_person_(chronotype)_vs_Average_
weekly_beer_plus_cider_intake.LOOplots.pdf>] [7 <./Figs/Analysis2/Morning_eveni
ng_person_(chronotype)_vs_Bipolar_disorder.Scatterplots.pdf> <./Figs/Analysis2/
Morning_evening_person_(chronotype)_vs_Bipolar_disorder.LOOplots.pdf>]
<Figs/Analysis3/new_gBig.pdf, id=252, 1623.90686pt x 710.41411pt>
File: Figs/Analysis3/new_gBig.pdf Graphic file (type pdf)
<use Figs/Analysis3/new_gBig.pdf>
Package pdftex.def Info: Figs/Analysis3/new_gBig.pdf  used on input line 267.
(pdftex.def)             Requested size: 514.73064pt x 225.18pt.
<Figs/Analysis3/new_chrono_bipolar.pdf, id=256, 759.55766pt x 323.76959pt>
File: Figs/Analysis3/new_chrono_bipolar.pdf Graphic file (type pdf)
<use Figs/Analysis3/new_chrono_bipolar.pdf>
Package pdftex.def Info: Figs/Analysis3/new_chrono_bipolar.pdf  used on input l
ine 285.
(pdftex.def)             Requested size: 137.7207pt x 58.70087pt.
<Figs/Analysis3/new_chrono_beer.pdf, id=257, 470.4777pt x 648.26193pt>
File: Figs/Analysis3/new_chrono_beer.pdf Graphic file (type pdf)
<use Figs/Analysis3/new_chrono_beer.pdf>
Package pdftex.def Info: Figs/Analysis3/new_chrono_beer.pdf  used on input line
 290.
(pdftex.def)             Requested size: 242.97136pt x 334.7835pt.

Overfull \hbox (1.90001pt too wide) in paragraph at lines 284--294
[]$[]$ $[]$ 
 []


LaTeX Warning: Reference `nicorandil' on page 9 undefined on input line 307.

[8 <./Figs/Analysis3/new_gBig.pdf>] [9 <./Figs/Analysis3/new_chrono_bipolar.pdf
> <./Figs/Analysis3/new_chrono_beer.pdf

pdfTeX warning: pdflatex (file ./Figs/Analysis3/new_chrono_beer.pdf): PDF inclu
sion: multiple pdfs with page group included in a single page
>] [10] [11] [12] 
AED: lastpage setting LastPage
[13]
Package atveryend Info: Empty hook `BeforeClearDocument' on input line 828.
Package atveryend Info: Empty hook `AfterLastShipout' on input line 828.
 (./manuscript.v5.aux)
Package atveryend Info: Executing hook `AtVeryEndDocument' on input line 828.
Package atveryend Info: Executing hook `AtEndAfterFileList' on input line 828.
Package rerunfilecheck Info: File `manuscript.v5.out' has not changed.
(rerunfilecheck)             Checksum: 906B85F32C5AA58360EE6B7E1B981814;1952.


LaTeX Warning: There were undefined references.

 ) 
Here is how much of TeX's memory you used:
 29496 strings out of 482778
 508375 string characters out of 5955219
 880725 words of memory out of 5000000
 43894 multiletter control sequences out of 15000+600000
 601327 words of font info for 324 fonts, out of 8000000 for 9000
 59 hyphenation exceptions out of 8191
 68i,13n,64p,3663b,1081s stack positions out of 5000i,500n,10000p,200000b,80000s
 </home/john/.texlive2020/texmf-var/fonts/pk/ljfour/jknappen/ec/ectt0800.525p
k>{/usr/share/texlive/texmf-dist/fonts/enc/dvips/base/8r.enc} </home/john/.texl
ive2020/texmf-var/fonts/pk/ljfour/jknappen/ec/ectt1000.600pk></usr/share/texliv
e/texmf-dist/fonts/type1/public/amsfonts/cm/cmex10.pfb></usr/share/texlive/texm
f-dist/fonts/type1/public/amsfonts/cm/cmr10.pfb></usr/share/texlive/texmf-dist/
fonts/type1/public/amsfonts/cm/cmsy10.pfb></usr/share/texlive/texmf-dist/fonts/
type1/public/mathpazo/fplmri.pfb></usr/share/texlive/texmf-dist/fonts/type1/urw
/palatino/uplb8a.pfb></usr/share/texlive/texmf-dist/fonts/type1/urw/palatino/up
lr8a.pfb></usr/share/texlive/texmf-dist/fonts/type1/urw/palatino/uplri8a.pfb>
Output written on manuscript.v5.pdf (13 pages, 1330711 bytes).
PDF statistics:
 461 PDF objects out of 1000 (max. 8388607)
 358 compressed objects within 4 object streams
 70 named destinations out of 1000 (max. 500000)
 45219 words of extra memory for PDF output out of 51595 (max. 10000000)

